<?xml version="1.0" encoding="UTF-8"?>
<!-- Generated by org.testng.reporters.JUnitReportReporter -->
<testsuite skipped="0" hostname="PU2LT0017" name="com.ImpactGuru.testProject.TestCase.TC_ValidateName" tests="1" failures="0" timestamp="2021-04-25T17:08:11 IST" time="113.677" errors="0">
  <testcase name="TC_InvalidLength" time="113.677" classname="com.ImpactGuru.testProject.TestCase.TC_ValidateName"/>
  <system-out/>
</testsuite> <!-- com.ImpactGuru.testProject.TestCase.TC_ValidateName -->
