<?xml version="1.0" encoding="UTF-8"?>
<!-- Generated by org.testng.reporters.JUnitReportReporter -->
<testsuite skipped="0" hostname="PU2LT0017" name="com.ImpactGuru.testProject.TestCase.TC_ValidateNumbersInName" tests="1" failures="0" timestamp="2021-04-25T17:08:11 IST" time="104.346" errors="0">
  <testcase name="TC_numbersInName" time="104.346" classname="com.ImpactGuru.testProject.TestCase.TC_ValidateNumbersInName"/>
  <system-out/>
</testsuite> <!-- com.ImpactGuru.testProject.TestCase.TC_ValidateNumbersInName -->
