<?xml version="1.0" encoding="UTF-8"?>
<!-- Generated by org.testng.reporters.JUnitReportReporter -->
<testsuite skipped="0" hostname="PU2LT0017" name="com.ImpactGuru.testProject.TestCase.TC_Donate" tests="2" failures="0" timestamp="2021-04-25T17:08:11 IST" time="156.241" errors="0">
  <testcase name="DonateTC_TDD" time="99.223" classname="com.ImpactGuru.testProject.TestCase.TC_Donate"/>
  <system-out/>
  <testcase name="DonateTC_TDD" time="57.018" classname="com.ImpactGuru.testProject.TestCase.TC_Donate"/>
  <system-out/>
</testsuite> <!-- com.ImpactGuru.testProject.TestCase.TC_Donate -->
